<?xml version="1.0" encoding="UTF-8"?>
<!-- Generated by org.testng.reporters.JUnitXMLReporter -->
<testsuite ignored="0" hostname="DESKTOP-NVISI2T" failures="1" tests="3" name="Test" time="11.394" errors="0" timestamp="2024-07-02T17:45:51 IST">
  <testcase classname="TestNGPractice.ExTestCaseGroup" name="radioButtonImpressive" time="0.582"/>
  <testcase classname="TestNGPractice.ExTestCaseGroup" name="radioButtonYes" time="0.077"/>
  <testcase classname="TestNGPractice.ExTestCaseGroup" name="verifyPageUrl" time="0.076">
    <failure type="java.lang.AssertionError" message="expected [ https://www.tutorialspoint.com/selenium/practice/radio-button.php] but found [https://www.tutorialspoint.com/selenium/practice/radio-button.php]">
      <![CDATA[java.lang.AssertionError: expected [ https://www.tutorialspoint.com/selenium/practice/radio-button.php] but found [https://www.tutorialspoint.com/selenium/practice/radio-button.php]
at TestNGPractice.ExTestCaseGroup.verifyPageUrl(ExTestCaseGroup.java:29)
at java.base/java.util.concurrent.ThreadPoolExecutor.runWorker(ThreadPoolExecutor.java:1136)
at java.base/java.util.concurrent.ThreadPoolExecutor$Worker.run(ThreadPoolExecutor.java:635)
at java.base/java.lang.Thread.run(Thread.java:840)
... Removed 18 stack frames]]>
    </failure>
  </testcase> <!-- verifyPageUrl -->
</testsuite> <!-- Test -->
