<?xml version="1.0" encoding="UTF-8"?>
<!-- Generated by org.testng.reporters.JUnitReportReporter -->
<testsuite hostname="DESKTOP-NVISI2T" failures="1" tests="3" name="TestNGPractice.ExTestCaseGroup" time="11.324" errors="0" timestamp="2024-07-02T17:45:51 IST" skipped="0">
  <testcase classname="TestNGPractice.ExTestCaseGroup" name="radioButtonYes" time="3.517"/>
  <system-out>
    <![CDATA[Test cases started
Test cases Successful]]>
  </system-out>
  <testcase classname="TestNGPractice.ExTestCaseGroup" name="verifyPageUrl" time="4.562">
    <failure message="expected [ https://www.tutorialspoint.com/selenium/practice/radio-button.php] but found [https://www.tutorialspoint.com/selenium/practice/radio-button.php]" type="java.lang.AssertionError">
      <![CDATA[java.lang.AssertionError: expected [ https://www.tutorialspoint.com/selenium/practice/radio-button.php] but found [https://www.tutorialspoint.com/selenium/practice/radio-button.php]
at org.testng.Assert.fail(Assert.java:99)
at org.testng.Assert.failNotEquals(Assert.java:1037)
at org.testng.Assert.assertEqualsImpl(Assert.java:140)
at org.testng.Assert.assertEquals(Assert.java:122)
at org.testng.Assert.assertEquals(Assert.java:629)
at org.testng.Assert.assertEquals(Assert.java:639)
at TestNGPractice.ExTestCaseGroup.verifyPageUrl(ExTestCaseGroup.java:29)
at java.base/jdk.internal.reflect.NativeMethodAccessorImpl.invoke0(Native Method)
at java.base/jdk.internal.reflect.NativeMethodAccessorImpl.invoke(NativeMethodAccessorImpl.java:77)
at java.base/jdk.internal.reflect.DelegatingMethodAccessorImpl.invoke(DelegatingMethodAccessorImpl.java:43)
at java.base/java.lang.reflect.Method.invoke(Method.java:568)
at org.testng.internal.MethodInvocationHelper.invokeMethod(MethodInvocationHelper.java:133)
at org.testng.internal.TestInvoker.invokeMethod(TestInvoker.java:598)
at org.testng.internal.TestInvoker.invokeTestMethod(TestInvoker.java:173)
at org.testng.internal.MethodRunner.runInSequence(MethodRunner.java:46)
at org.testng.internal.TestInvoker$MethodInvocationAgent.invoke(TestInvoker.java:824)
at org.testng.internal.TestInvoker.invokeTestMethods(TestInvoker.java:146)
at org.testng.internal.TestMethodWorker.invokeTestMethods(TestMethodWorker.java:146)
at org.testng.internal.TestMethodWorker.run(TestMethodWorker.java:128)
at java.base/java.util.concurrent.ThreadPoolExecutor.runWorker(ThreadPoolExecutor.java:1136)
at java.base/java.util.concurrent.ThreadPoolExecutor$Worker.run(ThreadPoolExecutor.java:635)
at java.base/java.lang.Thread.run(Thread.java:840)
]]>
    </failure>
  </testcase> <!-- verifyPageUrl -->
  <system-out>
    <![CDATA[Test cases started
Before Verify Page URL
Test cases failed]]>
  </system-out>
  <testcase classname="TestNGPractice.ExTestCaseGroup" name="radioButtonImpressive" time="3.245"/>
  <system-out>
    <![CDATA[Test cases started
Test cases Successful]]>
  </system-out>
</testsuite> <!-- TestNGPractice.ExTestCaseGroup -->
