<?xml version="1.0" encoding="UTF-8"?>
<!-- Generated by org.testng.reporters.JUnitReportReporter -->
<testsuite hostname="DESKTOP-NVISI2T" failures="1" tests="5" name="TestNGPractice.TestCaseForGroupEx" time="0.203" errors="0" timestamp="2024-07-03T23:27:50 IST" skipped="0">
  <testcase classname="TestNGPractice.TestCaseForGroupEx" name="verifyMaleRadioBtnStatus" time="0.047"/>
  <system-out/>
  <testcase classname="TestNGPractice.TestCaseForGroupEx" name="verifyOrangeCheckboxStatus" time="0.051"/>
  <system-out>
    <![CDATA[before verify orage checkbox
after verify orage checkbox]]>
  </system-out>
  <testcase classname="TestNGPractice.TestCaseForGroupEx" name="verifyTitle" time="0.018">
    <failure message="expected [omayo (QAFox.com) ] but found [omayo (QAFox.com)]" type="java.lang.AssertionError">
      <![CDATA[java.lang.AssertionError: expected [omayo (QAFox.com) ] but found [omayo (QAFox.com)]
at org.testng.Assert.fail(Assert.java:99)
at org.testng.Assert.failNotEquals(Assert.java:1037)
at org.testng.Assert.assertEqualsImpl(Assert.java:140)
at org.testng.Assert.assertEquals(Assert.java:122)
at org.testng.Assert.assertEquals(Assert.java:629)
at org.testng.Assert.assertEquals(Assert.java:639)
at TestNGPractice.TestCaseForGroupEx.verifyTitle(TestCaseForGroupEx.java:49)
at java.base/jdk.internal.reflect.NativeMethodAccessorImpl.invoke0(Native Method)
at java.base/jdk.internal.reflect.NativeMethodAccessorImpl.invoke(NativeMethodAccessorImpl.java:77)
at java.base/jdk.internal.reflect.DelegatingMethodAccessorImpl.invoke(DelegatingMethodAccessorImpl.java:43)
at java.base/java.lang.reflect.Method.invoke(Method.java:568)
at org.testng.internal.MethodInvocationHelper.invokeMethod(MethodInvocationHelper.java:133)
at org.testng.internal.TestInvoker.invokeMethod(TestInvoker.java:598)
at org.testng.internal.TestInvoker.invokeTestMethod(TestInvoker.java:173)
at org.testng.internal.MethodRunner.runInSequence(MethodRunner.java:46)
at org.testng.internal.TestInvoker$MethodInvocationAgent.invoke(TestInvoker.java:824)
at org.testng.internal.TestInvoker.invokeTestMethods(TestInvoker.java:146)
at org.testng.internal.TestMethodWorker.invokeTestMethods(TestMethodWorker.java:146)
at org.testng.internal.TestMethodWorker.run(TestMethodWorker.java:128)
at java.base/java.util.ArrayList.forEach(ArrayList.java:1511)
at org.testng.TestRunner.privateRun(TestRunner.java:794)
at org.testng.TestRunner.run(TestRunner.java:596)
at org.testng.SuiteRunner.runTest(SuiteRunner.java:377)
at org.testng.SuiteRunner.runSequentially(SuiteRunner.java:371)
at org.testng.SuiteRunner.privateRun(SuiteRunner.java:332)
at org.testng.SuiteRunner.run(SuiteRunner.java:276)
at org.testng.SuiteRunnerWorker.runSuite(SuiteRunnerWorker.java:53)
at org.testng.SuiteRunnerWorker.run(SuiteRunnerWorker.java:96)
at org.testng.TestNG.runSuitesSequentially(TestNG.java:1212)
at org.testng.TestNG.runSuitesLocally(TestNG.java:1134)
at org.testng.TestNG.runSuites(TestNG.java:1063)
at org.testng.TestNG.run(TestNG.java:1031)
at org.testng.remote.AbstractRemoteTestNG.run(AbstractRemoteTestNG.java:115)
at org.testng.remote.RemoteTestNG.initAndRun(RemoteTestNG.java:293)
at org.testng.remote.RemoteTestNG.main(RemoteTestNG.java:91)
]]>
    </failure>
  </testcase> <!-- verifyTitle -->
  <system-out>
    <![CDATA[before verify title]]>
  </system-out>
  <testcase classname="TestNGPractice.TestCaseForGroupEx" name="verifyFemaleRadioBtnStatus" time="0.070"/>
  <system-out/>
  <testcase classname="TestNGPractice.TestCaseForGroupEx" name="verifyPageUrl" time="0.017"/>
  <system-out/>
</testsuite> <!-- TestNGPractice.TestCaseForGroupEx -->
